0 info it worked if it ends with ok
1 verbose cli [ '/Users/vogeleed/.nvm/v0.8.22/bin/node',
1 verbose cli   '/Users/vogeleed/.nvm/v0.8.22/bin/npm',
1 verbose cli   'install',
1 verbose cli   'generator-express-socketio',
1 verbose cli   '-g' ]
2 info using npm@1.2.14
3 info using node@v0.8.22
4 verbose read json /Users/vogeleed/.nvm/v0.8.22/lib/package.json
5 verbose read json /Users/vogeleed/.nvm/v0.8.22/lib/package.json
6 verbose cache add [ 'generator-express-socketio', null ]
7 verbose cache add name=undefined spec="generator-express-socketio" args=["generator-express-socketio",null]
8 verbose parsed url { pathname: 'generator-express-socketio',
8 verbose parsed url   path: 'generator-express-socketio',
8 verbose parsed url   href: 'generator-express-socketio' }
9 silly lockFile 55ed423c-generator-express-socketio generator-express-socketio
10 verbose lock generator-express-socketio /Users/vogeleed/.npm/55ed423c-generator-express-socketio.lock
11 silly lockFile 55ed423c-generator-express-socketio generator-express-socketio
12 silly lockFile 55ed423c-generator-express-socketio generator-express-socketio
13 verbose addNamed [ 'generator-express-socketio', '' ]
14 verbose addNamed [ null, '' ]
15 silly lockFile a590dfb8-generator-express-socketio generator-express-socketio@
16 verbose lock generator-express-socketio@ /Users/vogeleed/.npm/a590dfb8-generator-express-socketio.lock
17 silly addNameRange { name: 'generator-express-socketio', range: '', hasData: false }
18 verbose url raw generator-express-socketio
19 verbose url resolving [ 'https://registry.npmjs.org/',
19 verbose url resolving   './generator-express-socketio' ]
20 verbose url resolved https://registry.npmjs.org/generator-express-socketio
21 info trying registry request attempt 1 at 17:22:31
22 http GET https://registry.npmjs.org/generator-express-socketio
23 http 404 https://registry.npmjs.org/generator-express-socketio
24 silly registry.get cb [ 404,
24 silly registry.get   { date: 'Sun, 29 Dec 2013 22:22:31 GMT',
24 silly registry.get     server: 'CouchDB/1.5.0 (Erlang OTP/R15B03)',
24 silly registry.get     'content-type': 'application/json',
24 silly registry.get     'cache-control': 'max-age=0',
24 silly registry.get     'content-length': '52',
24 silly registry.get     'accept-ranges': 'bytes',
24 silly registry.get     via: '1.1 varnish',
24 silly registry.get     age: '0',
24 silly registry.get     'x-served-by': 'cache-mia1321-MIA',
24 silly registry.get     'x-cache': 'MISS',
24 silly registry.get     'x-cache-hits': '0',
24 silly registry.get     'x-timer': 'S1388355751.924938679,VS0,VE42',
24 silly registry.get     'keep-alive': 'timeout=10, max=50',
24 silly registry.get     connection: 'Keep-Alive' } ]
25 silly lockFile a590dfb8-generator-express-socketio generator-express-socketio@
26 silly lockFile a590dfb8-generator-express-socketio generator-express-socketio@
27 error 404 'generator-express-socketio' is not in the npm registry.
27 error 404 You should bug the author to publish it
27 error 404
27 error 404 Note that you can also install from a
27 error 404 tarball, folder, or http url, or git url.
28 error System Darwin 13.0.0
29 error command "/Users/vogeleed/.nvm/v0.8.22/bin/node" "/Users/vogeleed/.nvm/v0.8.22/bin/npm" "install" "generator-express-socketio" "-g"
30 error cwd /Users/vogeleed/dev/generator-socketio
31 error node -v v0.8.22
32 error npm -v 1.2.14
33 error code E404
34 verbose exit [ 1, true ]
